<?xml version="1.0" encoding="UTF-8"?>
<!-- Generated by org.testng.reporters.JUnitReportReporter -->
<testsuite skipped="0" hostname="DESKTOP-2SOPQNI" name="br.selenium.test.BuscaCep" tests="1" failures="0" timestamp="23 Jun 2017 04:54:46 GMT" time="7.679" errors="0">
  <testcase name="invalidSearch" time="7.679" classname="br.selenium.test.BuscaCep"/>
</testsuite> <!-- br.selenium.test.BuscaCep -->
