<?xml version="1.0" encoding="UTF-8"?>
<!-- Generated by org.testng.reporters.JUnitReportReporter -->
<testsuite skipped="0" hostname="work-HP-Notebook" name="br.selenium.test.BuscaCep" tests="1" failures="0" timestamp="22 jun 2017 23:41:00 GMT" time="1.920" errors="0">
  <testcase name="firstTest" time="1.920" classname="br.selenium.test.BuscaCep"/>
</testsuite> <!-- br.selenium.test.BuscaCep -->
